<?xml version="1.0" encoding="UTF-8"?>
<coverage generated="1575407248168" clover="3.2.0">
  <project timestamp="1575407248168" name="All files">
    <metrics statements="26" coveredstatements="26" conditionals="15" coveredconditionals="15" methods="12" coveredmethods="12" elements="53" coveredelements="53" complexity="0" loc="26" ncloc="26" packages="1" files="1" classes="1"/>
    <file name="types.js" path="/Users/mikeeg/alchemy/career-track/jest-test/lib/types.js">
      <metrics statements="26" coveredstatements="26" conditionals="15" coveredconditionals="15" methods="12" coveredmethods="12"/>
      <line num="1" count="14" type="stmt"/>
      <line num="2" count="11" type="stmt"/>
      <line num="3" count="10" type="stmt"/>
      <line num="4" count="9" type="stmt"/>
      <line num="5" count="18" type="cond" truecount="3" falsecount="0"/>
      <line num="6" count="13" type="stmt"/>
      <line num="8" count="1" type="stmt"/>
      <line num="9" count="6" type="cond" truecount="2" falsecount="0"/>
      <line num="10" count="5" type="stmt"/>
      <line num="11" count="5" type="cond" truecount="2" falsecount="0"/>
      <line num="12" count="3" type="stmt"/>
      <line num="15" count="1" type="stmt"/>
      <line num="16" count="9" type="cond" truecount="2" falsecount="0"/>
      <line num="17" count="1" type="stmt"/>
      <line num="19" count="8" type="cond" truecount="4" falsecount="0"/>
      <line num="20" count="6" type="stmt"/>
      <line num="23" count="11" type="stmt"/>
      <line num="25" count="4" type="stmt"/>
      <line num="29" count="4" type="stmt"/>
      <line num="30" count="4" type="stmt"/>
      <line num="31" count="4" type="stmt"/>
      <line num="32" count="4" type="stmt"/>
      <line num="36" count="1" type="stmt"/>
      <line num="41" count="1" type="stmt"/>
      <line num="42" count="3" type="cond" truecount="2" falsecount="0"/>
      <line num="45" count="1" type="stmt"/>
    </file>
  </project>
</coverage>
