<?xml version="1.0" encoding="UTF-8"?>
<coverage generated="1575488293688" clover="3.2.0">
  <project timestamp="1575488293688" name="All files">
    <metrics statements="52" coveredstatements="52" conditionals="25" coveredconditionals="25" methods="18" coveredmethods="18" elements="95" coveredelements="95" complexity="0" loc="52" ncloc="52" packages="1" files="3" classes="3"/>
    <file name="Schema.js" path="/Users/mikeeg/alchemy/career-track/jest-test-pt2/lib/Schema.js">
      <metrics statements="14" coveredstatements="14" conditionals="2" coveredconditionals="2" methods="4" coveredmethods="4"/>
      <line num="1" count="1" type="stmt"/>
      <line num="5" count="2" type="stmt"/>
      <line num="6" count="2" type="stmt"/>
      <line num="7" count="6" type="stmt"/>
      <line num="11" count="2" type="stmt"/>
      <line num="12" count="2" type="stmt"/>
      <line num="13" count="2" type="stmt"/>
      <line num="14" count="6" type="stmt"/>
      <line num="15" count="6" type="stmt"/>
      <line num="18" count="1" type="stmt"/>
      <line num="21" count="2" type="cond" truecount="2" falsecount="0"/>
      <line num="22" count="1" type="stmt"/>
      <line num="25" count="1" type="stmt"/>
      <line num="29" count="1" type="stmt"/>
    </file>
    <file name="Validator.js" path="/Users/mikeeg/alchemy/career-track/jest-test-pt2/lib/Validator.js">
      <metrics statements="12" coveredstatements="12" conditionals="8" coveredconditionals="8" methods="2" coveredmethods="2"/>
      <line num="1" count="2" type="stmt"/>
      <line num="5" count="8" type="stmt"/>
      <line num="6" count="8" type="stmt"/>
      <line num="7" count="8" type="stmt"/>
      <line num="8" count="8" type="stmt"/>
      <line num="12" count="15" type="stmt"/>
      <line num="13" count="15" type="cond" truecount="4" falsecount="0"/>
      <line num="14" count="2" type="stmt"/>
      <line num="15" count="13" type="cond" truecount="4" falsecount="0"/>
      <line num="16" count="1" type="stmt"/>
      <line num="18" count="12" type="stmt"/>
      <line num="22" count="2" type="stmt"/>
    </file>
    <file name="types.js" path="/Users/mikeeg/alchemy/career-track/jest-test-pt2/lib/types.js">
      <metrics statements="26" coveredstatements="26" conditionals="15" coveredconditionals="15" methods="12" coveredmethods="12"/>
      <line num="1" count="22" type="stmt"/>
      <line num="2" count="11" type="stmt"/>
      <line num="3" count="10" type="stmt"/>
      <line num="4" count="9" type="stmt"/>
      <line num="5" count="22" type="cond" truecount="3" falsecount="0"/>
      <line num="6" count="13" type="stmt"/>
      <line num="8" count="3" type="stmt"/>
      <line num="9" count="14" type="cond" truecount="2" falsecount="0"/>
      <line num="10" count="9" type="stmt"/>
      <line num="11" count="9" type="cond" truecount="2" falsecount="0"/>
      <line num="12" count="5" type="stmt"/>
      <line num="15" count="3" type="stmt"/>
      <line num="16" count="13" type="cond" truecount="2" falsecount="0"/>
      <line num="17" count="1" type="stmt"/>
      <line num="19" count="12" type="cond" truecount="4" falsecount="0"/>
      <line num="20" count="10" type="stmt"/>
      <line num="23" count="11" type="stmt"/>
      <line num="25" count="4" type="stmt"/>
      <line num="29" count="6" type="stmt"/>
      <line num="30" count="6" type="stmt"/>
      <line num="31" count="6" type="stmt"/>
      <line num="32" count="6" type="stmt"/>
      <line num="36" count="3" type="stmt"/>
      <line num="41" count="3" type="stmt"/>
      <line num="42" count="11" type="cond" truecount="2" falsecount="0"/>
      <line num="45" count="3" type="stmt"/>
    </file>
  </project>
</coverage>
