{"/Users/mikeeg/alchemy/career-track/jest-test-pt2/lib/Schema.js": {"path":"/Users/mikeeg/alchemy/career-track/jest-test-pt2/lib/Schema.js","statementMap":{"0":{"start":{"line":1,"column":17},"end":{"line":1,"column":39}},"1":{"start":{"line":5,"column":8},"end":{"line":5,"column":29}},"2":{"start":{"line":6,"column":8},"end":{"line":7,"column":57}},"3":{"start":{"line":7,"column":33},"end":{"line":7,"column":55}},"4":{"start":{"line":11,"column":21},"end":{"line":11,"column":23}},"5":{"start":{"line":12,"column":22},"end":{"line":12,"column":24}},"6":{"start":{"line":13,"column":8},"end":{"line":20,"column":11}},"7":{"start":{"line":14,"column":12},"end":{"line":19,"column":13}},"8":{"start":{"line":15,"column":16},"end":{"line":15,"column":55}},"9":{"start":{"line":18,"column":16},"end":{"line":18,"column":31}},"10":{"start":{"line":21,"column":8},"end":{"line":23,"column":9}},"11":{"start":{"line":22,"column":12},"end":{"line":22,"column":57}},"12":{"start":{"line":25,"column":8},"end":{"line":25,"column":21}},"13":{"start":{"line":29,"column":0},"end":{"line":29,"column":24}}},"fnMap":{"0":{"name":"(anonymous_0)","decl":{"start":{"line":4,"column":4},"end":{"line":4,"column":5}},"loc":{"start":{"line":4,"column":23},"end":{"line":8,"column":5}},"line":4},"1":{"name":"(anonymous_1)","decl":{"start":{"line":7,"column":17},"end":{"line":7,"column":18}},"loc":{"start":{"line":7,"column":33},"end":{"line":7,"column":55}},"line":7},"2":{"name":"(anonymous_2)","decl":{"start":{"line":10,"column":4},"end":{"line":10,"column":5}},"loc":{"start":{"line":10,"column":17},"end":{"line":26,"column":5}},"line":10},"3":{"name":"(anonymous_3)","decl":{"start":{"line":13,"column":32},"end":{"line":13,"column":33}},"loc":{"start":{"line":13,"column":40},"end":{"line":20,"column":9}},"line":13}},"branchMap":{"0":{"loc":{"start":{"line":21,"column":8},"end":{"line":23,"column":9}},"type":"if","locations":[{"start":{"line":21,"column":8},"end":{"line":23,"column":9}},{"start":{"line":21,"column":8},"end":{"line":23,"column":9}}],"line":21}},"s":{"0":1,"1":2,"2":2,"3":6,"4":2,"5":2,"6":2,"7":6,"8":6,"9":1,"10":2,"11":1,"12":1,"13":1},"f":{"0":2,"1":6,"2":2,"3":6},"b":{"0":[1,1]},"_coverageSchema":"43e27e138ebf9cfc5966b082cf9a028302ed4184","hash":"04aad3186529c8beb24d062583ffa4a2038bad0c"}
,"/Users/mikeeg/alchemy/career-track/jest-test-pt2/lib/Validator.js": {"path":"/Users/mikeeg/alchemy/career-track/jest-test-pt2/lib/Validator.js","statementMap":{"0":{"start":{"line":1,"column":22},"end":{"line":1,"column":40}},"1":{"start":{"line":5,"column":8},"end":{"line":5,"column":27}},"2":{"start":{"line":6,"column":8},"end":{"line":6,"column":25}},"3":{"start":{"line":7,"column":8},"end":{"line":7,"column":33}},"4":{"start":{"line":8,"column":8},"end":{"line":8,"column":38}},"5":{"start":{"line":12,"column":20},"end":{"line":12,"column":35}},"6":{"start":{"line":13,"column":8},"end":{"line":17,"column":9}},"7":{"start":{"line":14,"column":12},"end":{"line":14,"column":70}},"8":{"start":{"line":15,"column":15},"end":{"line":17,"column":9}},"9":{"start":{"line":16,"column":12},"end":{"line":16,"column":24}},"10":{"start":{"line":18,"column":8},"end":{"line":18,"column":32}},"11":{"start":{"line":22,"column":0},"end":{"line":22,"column":27}}},"fnMap":{"0":{"name":"(anonymous_0)","decl":{"start":{"line":4,"column":4},"end":{"line":4,"column":5}},"loc":{"start":{"line":4,"column":43},"end":{"line":9,"column":5}},"line":4},"1":{"name":"(anonymous_1)","decl":{"start":{"line":11,"column":4},"end":{"line":11,"column":5}},"loc":{"start":{"line":11,"column":18},"end":{"line":19,"column":5}},"line":11}},"branchMap":{"0":{"loc":{"start":{"line":13,"column":8},"end":{"line":17,"column":9}},"type":"if","locations":[{"start":{"line":13,"column":8},"end":{"line":17,"column":9}},{"start":{"line":13,"column":8},"end":{"line":17,"column":9}}],"line":13},"1":{"loc":{"start":{"line":13,"column":11},"end":{"line":13,"column":32}},"type":"binary-expr","locations":[{"start":{"line":13,"column":11},"end":{"line":13,"column":24}},{"start":{"line":13,"column":28},"end":{"line":13,"column":32}}],"line":13},"2":{"loc":{"start":{"line":15,"column":15},"end":{"line":17,"column":9}},"type":"if","locations":[{"start":{"line":15,"column":15},"end":{"line":17,"column":9}},{"start":{"line":15,"column":15},"end":{"line":17,"column":9}}],"line":15},"3":{"loc":{"start":{"line":15,"column":18},"end":{"line":15,"column":40}},"type":"binary-expr","locations":[{"start":{"line":15,"column":18},"end":{"line":15,"column":32}},{"start":{"line":15,"column":36},"end":{"line":15,"column":40}}],"line":15}},"s":{"0":2,"1":8,"2":8,"3":8,"4":8,"5":15,"6":15,"7":2,"8":13,"9":1,"10":12,"11":2},"f":{"0":8,"1":15},"b":{"0":[2,13],"1":[15,9],"2":[1,12],"3":[13,6]},"_coverageSchema":"43e27e138ebf9cfc5966b082cf9a028302ed4184","hash":"51fb20223ac2ff5a39e593972d9dfc771cd3422c"}
,"/Users/mikeeg/alchemy/career-track/jest-test-pt2/lib/types.js": {"path":"/Users/mikeeg/alchemy/career-track/jest-test-pt2/lib/types.js","statementMap":{"0":{"start":{"line":1,"column":17},"end":{"line":1,"column":47}},"1":{"start":{"line":1,"column":24},"end":{"line":1,"column":47}},"2":{"start":{"line":2,"column":17},"end":{"line":2,"column":47}},"3":{"start":{"line":2,"column":24},"end":{"line":2,"column":47}},"4":{"start":{"line":3,"column":18},"end":{"line":3,"column":49}},"5":{"start":{"line":3,"column":25},"end":{"line":3,"column":49}},"6":{"start":{"line":4,"column":16},"end":{"line":4,"column":41}},"7":{"start":{"line":4,"column":23},"end":{"line":4,"column":41}},"8":{"start":{"line":5,"column":17},"end":{"line":5,"column":86}},"9":{"start":{"line":5,"column":24},"end":{"line":5,"column":86}},"10":{"start":{"line":6,"column":19},"end":{"line":6,"column":51}},"11":{"start":{"line":6,"column":26},"end":{"line":6,"column":51}},"12":{"start":{"line":8,"column":21},"end":{"line":13,"column":1}},"13":{"start":{"line":9,"column":4},"end":{"line":9,"column":33}},"14":{"start":{"line":9,"column":22},"end":{"line":9,"column":33}},"15":{"start":{"line":10,"column":19},"end":{"line":10,"column":30}},"16":{"start":{"line":11,"column":4},"end":{"line":11,"column":55}},"17":{"start":{"line":11,"column":22},"end":{"line":11,"column":55}},"18":{"start":{"line":12,"column":4},"end":{"line":12,"column":18}},"19":{"start":{"line":15,"column":21},"end":{"line":21,"column":1}},"20":{"start":{"line":16,"column":4},"end":{"line":18,"column":5}},"21":{"start":{"line":17,"column":8},"end":{"line":17,"column":35}},"22":{"start":{"line":19,"column":4},"end":{"line":19,"column":75}},"23":{"start":{"line":19,"column":42},"end":{"line":19,"column":75}},"24":{"start":{"line":20,"column":4},"end":{"line":20,"column":26}},"25":{"start":{"line":23,"column":22},"end":{"line":23,"column":34}},"26":{"start":{"line":23,"column":29},"end":{"line":23,"column":34}},"27":{"start":{"line":25,"column":20},"end":{"line":25,"column":37}},"28":{"start":{"line":25,"column":33},"end":{"line":25,"column":37}},"29":{"start":{"line":29,"column":21},"end":{"line":29,"column":30}},"30":{"start":{"line":30,"column":8},"end":{"line":30,"column":53}},"31":{"start":{"line":31,"column":8},"end":{"line":31,"column":25}},"32":{"start":{"line":32,"column":8},"end":{"line":32,"column":27}},"33":{"start":{"line":36,"column":16},"end":{"line":39,"column":1}},"34":{"start":{"line":41,"column":18},"end":{"line":43,"column":1}},"35":{"start":{"line":42,"column":4},"end":{"line":42,"column":38}},"36":{"start":{"line":45,"column":0},"end":{"line":58,"column":2}}},"fnMap":{"0":{"name":"(anonymous_0)","decl":{"start":{"line":1,"column":17},"end":{"line":1,"column":18}},"loc":{"start":{"line":1,"column":24},"end":{"line":1,"column":47}},"line":1},"1":{"name":"(anonymous_1)","decl":{"start":{"line":2,"column":17},"end":{"line":2,"column":18}},"loc":{"start":{"line":2,"column":24},"end":{"line":2,"column":47}},"line":2},"2":{"name":"(anonymous_2)","decl":{"start":{"line":3,"column":18},"end":{"line":3,"column":19}},"loc":{"start":{"line":3,"column":25},"end":{"line":3,"column":49}},"line":3},"3":{"name":"(anonymous_3)","decl":{"start":{"line":4,"column":16},"end":{"line":4,"column":17}},"loc":{"start":{"line":4,"column":23},"end":{"line":4,"column":41}},"line":4},"4":{"name":"(anonymous_4)","decl":{"start":{"line":5,"column":17},"end":{"line":5,"column":18}},"loc":{"start":{"line":5,"column":24},"end":{"line":5,"column":86}},"line":5},"5":{"name":"(anonymous_5)","decl":{"start":{"line":6,"column":19},"end":{"line":6,"column":20}},"loc":{"start":{"line":6,"column":26},"end":{"line":6,"column":51}},"line":6},"6":{"name":"(anonymous_6)","decl":{"start":{"line":8,"column":21},"end":{"line":8,"column":22}},"loc":{"start":{"line":8,"column":28},"end":{"line":13,"column":1}},"line":8},"7":{"name":"(anonymous_7)","decl":{"start":{"line":15,"column":21},"end":{"line":15,"column":22}},"loc":{"start":{"line":15,"column":28},"end":{"line":21,"column":1}},"line":15},"8":{"name":"(anonymous_8)","decl":{"start":{"line":23,"column":22},"end":{"line":23,"column":23}},"loc":{"start":{"line":23,"column":29},"end":{"line":23,"column":34}},"line":23},"9":{"name":"(anonymous_9)","decl":{"start":{"line":25,"column":20},"end":{"line":25,"column":21}},"loc":{"start":{"line":25,"column":33},"end":{"line":25,"column":37}},"line":25},"10":{"name":"(anonymous_10)","decl":{"start":{"line":28,"column":4},"end":{"line":28,"column":5}},"loc":{"start":{"line":28,"column":29},"end":{"line":33,"column":5}},"line":28},"11":{"name":"(anonymous_11)","decl":{"start":{"line":41,"column":18},"end":{"line":41,"column":19}},"loc":{"start":{"line":41,"column":26},"end":{"line":43,"column":1}},"line":41}},"branchMap":{"0":{"loc":{"start":{"line":5,"column":24},"end":{"line":5,"column":86}},"type":"binary-expr","locations":[{"start":{"line":5,"column":24},"end":{"line":5,"column":47}},{"start":{"line":5,"column":51},"end":{"line":5,"column":63}},{"start":{"line":5,"column":67},"end":{"line":5,"column":86}}],"line":5},"1":{"loc":{"start":{"line":9,"column":4},"end":{"line":9,"column":33}},"type":"if","locations":[{"start":{"line":9,"column":4},"end":{"line":9,"column":33}},{"start":{"line":9,"column":4},"end":{"line":9,"column":33}}],"line":9},"2":{"loc":{"start":{"line":11,"column":4},"end":{"line":11,"column":55}},"type":"if","locations":[{"start":{"line":11,"column":4},"end":{"line":11,"column":55}},{"start":{"line":11,"column":4},"end":{"line":11,"column":55}}],"line":11},"3":{"loc":{"start":{"line":16,"column":4},"end":{"line":18,"column":5}},"type":"if","locations":[{"start":{"line":16,"column":4},"end":{"line":18,"column":5}},{"start":{"line":16,"column":4},"end":{"line":18,"column":5}}],"line":16},"4":{"loc":{"start":{"line":19,"column":4},"end":{"line":19,"column":75}},"type":"if","locations":[{"start":{"line":19,"column":4},"end":{"line":19,"column":75}},{"start":{"line":19,"column":4},"end":{"line":19,"column":75}}],"line":19},"5":{"loc":{"start":{"line":19,"column":7},"end":{"line":19,"column":40}},"type":"binary-expr","locations":[{"start":{"line":19,"column":7},"end":{"line":19,"column":24}},{"start":{"line":19,"column":28},"end":{"line":19,"column":40}}],"line":19},"6":{"loc":{"start":{"line":42,"column":11},"end":{"line":42,"column":37}},"type":"binary-expr","locations":[{"start":{"line":42,"column":11},"end":{"line":42,"column":29}},{"start":{"line":42,"column":33},"end":{"line":42,"column":37}}],"line":42}},"s":{"0":3,"1":22,"2":3,"3":11,"4":3,"5":10,"6":3,"7":9,"8":3,"9":22,"10":3,"11":13,"12":3,"13":14,"14":5,"15":9,"16":9,"17":4,"18":5,"19":3,"20":13,"21":1,"22":12,"23":2,"24":10,"25":3,"26":11,"27":3,"28":4,"29":6,"30":6,"31":6,"32":6,"33":3,"34":3,"35":11,"36":3},"f":{"0":22,"1":11,"2":10,"3":9,"4":22,"5":13,"6":14,"7":13,"8":11,"9":4,"10":6,"11":11},"b":{"0":[22,7,5],"1":[5,9],"2":[4,5],"3":[1,12],"4":[2,10],"5":[12,11],"6":[11,1]},"_coverageSchema":"43e27e138ebf9cfc5966b082cf9a028302ed4184","hash":"ad674297598d071ad9edcb67f4a24f7ccae5d295"}
}
