{"/Users/mikeeg/alchemy/career-track/jest-test/lib/types.js": {"path":"/Users/mikeeg/alchemy/career-track/jest-test/lib/types.js","statementMap":{"0":{"start":{"line":1,"column":17},"end":{"line":1,"column":47}},"1":{"start":{"line":1,"column":24},"end":{"line":1,"column":47}},"2":{"start":{"line":2,"column":17},"end":{"line":2,"column":47}},"3":{"start":{"line":2,"column":24},"end":{"line":2,"column":47}},"4":{"start":{"line":3,"column":18},"end":{"line":3,"column":49}},"5":{"start":{"line":3,"column":25},"end":{"line":3,"column":49}},"6":{"start":{"line":4,"column":16},"end":{"line":4,"column":41}},"7":{"start":{"line":4,"column":23},"end":{"line":4,"column":41}},"8":{"start":{"line":5,"column":17},"end":{"line":5,"column":86}},"9":{"start":{"line":5,"column":24},"end":{"line":5,"column":86}},"10":{"start":{"line":6,"column":19},"end":{"line":6,"column":51}},"11":{"start":{"line":6,"column":26},"end":{"line":6,"column":51}},"12":{"start":{"line":8,"column":21},"end":{"line":13,"column":1}},"13":{"start":{"line":9,"column":4},"end":{"line":9,"column":33}},"14":{"start":{"line":9,"column":22},"end":{"line":9,"column":33}},"15":{"start":{"line":10,"column":19},"end":{"line":10,"column":30}},"16":{"start":{"line":11,"column":4},"end":{"line":11,"column":55}},"17":{"start":{"line":11,"column":22},"end":{"line":11,"column":55}},"18":{"start":{"line":12,"column":4},"end":{"line":12,"column":18}},"19":{"start":{"line":15,"column":21},"end":{"line":21,"column":1}},"20":{"start":{"line":16,"column":4},"end":{"line":18,"column":5}},"21":{"start":{"line":17,"column":8},"end":{"line":17,"column":35}},"22":{"start":{"line":19,"column":4},"end":{"line":19,"column":75}},"23":{"start":{"line":19,"column":42},"end":{"line":19,"column":75}},"24":{"start":{"line":20,"column":4},"end":{"line":20,"column":26}},"25":{"start":{"line":23,"column":22},"end":{"line":23,"column":34}},"26":{"start":{"line":23,"column":29},"end":{"line":23,"column":34}},"27":{"start":{"line":25,"column":20},"end":{"line":25,"column":37}},"28":{"start":{"line":25,"column":33},"end":{"line":25,"column":37}},"29":{"start":{"line":29,"column":21},"end":{"line":29,"column":30}},"30":{"start":{"line":30,"column":8},"end":{"line":30,"column":53}},"31":{"start":{"line":31,"column":8},"end":{"line":31,"column":25}},"32":{"start":{"line":32,"column":8},"end":{"line":32,"column":27}},"33":{"start":{"line":36,"column":16},"end":{"line":39,"column":1}},"34":{"start":{"line":41,"column":18},"end":{"line":43,"column":1}},"35":{"start":{"line":42,"column":4},"end":{"line":42,"column":38}},"36":{"start":{"line":45,"column":0},"end":{"line":58,"column":2}}},"fnMap":{"0":{"name":"(anonymous_0)","decl":{"start":{"line":1,"column":17},"end":{"line":1,"column":18}},"loc":{"start":{"line":1,"column":24},"end":{"line":1,"column":47}},"line":1},"1":{"name":"(anonymous_1)","decl":{"start":{"line":2,"column":17},"end":{"line":2,"column":18}},"loc":{"start":{"line":2,"column":24},"end":{"line":2,"column":47}},"line":2},"2":{"name":"(anonymous_2)","decl":{"start":{"line":3,"column":18},"end":{"line":3,"column":19}},"loc":{"start":{"line":3,"column":25},"end":{"line":3,"column":49}},"line":3},"3":{"name":"(anonymous_3)","decl":{"start":{"line":4,"column":16},"end":{"line":4,"column":17}},"loc":{"start":{"line":4,"column":23},"end":{"line":4,"column":41}},"line":4},"4":{"name":"(anonymous_4)","decl":{"start":{"line":5,"column":17},"end":{"line":5,"column":18}},"loc":{"start":{"line":5,"column":24},"end":{"line":5,"column":86}},"line":5},"5":{"name":"(anonymous_5)","decl":{"start":{"line":6,"column":19},"end":{"line":6,"column":20}},"loc":{"start":{"line":6,"column":26},"end":{"line":6,"column":51}},"line":6},"6":{"name":"(anonymous_6)","decl":{"start":{"line":8,"column":21},"end":{"line":8,"column":22}},"loc":{"start":{"line":8,"column":28},"end":{"line":13,"column":1}},"line":8},"7":{"name":"(anonymous_7)","decl":{"start":{"line":15,"column":21},"end":{"line":15,"column":22}},"loc":{"start":{"line":15,"column":28},"end":{"line":21,"column":1}},"line":15},"8":{"name":"(anonymous_8)","decl":{"start":{"line":23,"column":22},"end":{"line":23,"column":23}},"loc":{"start":{"line":23,"column":29},"end":{"line":23,"column":34}},"line":23},"9":{"name":"(anonymous_9)","decl":{"start":{"line":25,"column":20},"end":{"line":25,"column":21}},"loc":{"start":{"line":25,"column":33},"end":{"line":25,"column":37}},"line":25},"10":{"name":"(anonymous_10)","decl":{"start":{"line":28,"column":4},"end":{"line":28,"column":5}},"loc":{"start":{"line":28,"column":29},"end":{"line":33,"column":5}},"line":28},"11":{"name":"(anonymous_11)","decl":{"start":{"line":41,"column":18},"end":{"line":41,"column":19}},"loc":{"start":{"line":41,"column":26},"end":{"line":43,"column":1}},"line":41}},"branchMap":{"0":{"loc":{"start":{"line":5,"column":24},"end":{"line":5,"column":86}},"type":"binary-expr","locations":[{"start":{"line":5,"column":24},"end":{"line":5,"column":47}},{"start":{"line":5,"column":51},"end":{"line":5,"column":63}},{"start":{"line":5,"column":67},"end":{"line":5,"column":86}}],"line":5},"1":{"loc":{"start":{"line":9,"column":4},"end":{"line":9,"column":33}},"type":"if","locations":[{"start":{"line":9,"column":4},"end":{"line":9,"column":33}},{"start":{"line":9,"column":4},"end":{"line":9,"column":33}}],"line":9},"2":{"loc":{"start":{"line":11,"column":4},"end":{"line":11,"column":55}},"type":"if","locations":[{"start":{"line":11,"column":4},"end":{"line":11,"column":55}},{"start":{"line":11,"column":4},"end":{"line":11,"column":55}}],"line":11},"3":{"loc":{"start":{"line":16,"column":4},"end":{"line":18,"column":5}},"type":"if","locations":[{"start":{"line":16,"column":4},"end":{"line":18,"column":5}},{"start":{"line":16,"column":4},"end":{"line":18,"column":5}}],"line":16},"4":{"loc":{"start":{"line":19,"column":4},"end":{"line":19,"column":75}},"type":"if","locations":[{"start":{"line":19,"column":4},"end":{"line":19,"column":75}},{"start":{"line":19,"column":4},"end":{"line":19,"column":75}}],"line":19},"5":{"loc":{"start":{"line":19,"column":7},"end":{"line":19,"column":40}},"type":"binary-expr","locations":[{"start":{"line":19,"column":7},"end":{"line":19,"column":24}},{"start":{"line":19,"column":28},"end":{"line":19,"column":40}}],"line":19},"6":{"loc":{"start":{"line":42,"column":11},"end":{"line":42,"column":37}},"type":"binary-expr","locations":[{"start":{"line":42,"column":11},"end":{"line":42,"column":29}},{"start":{"line":42,"column":33},"end":{"line":42,"column":37}}],"line":42}},"s":{"0":1,"1":14,"2":1,"3":11,"4":1,"5":10,"6":1,"7":9,"8":1,"9":18,"10":1,"11":13,"12":1,"13":6,"14":1,"15":5,"16":5,"17":2,"18":3,"19":1,"20":9,"21":1,"22":8,"23":2,"24":6,"25":1,"26":11,"27":1,"28":4,"29":4,"30":4,"31":4,"32":4,"33":1,"34":1,"35":3,"36":1},"f":{"0":14,"1":11,"2":10,"3":9,"4":18,"5":13,"6":6,"7":9,"8":11,"9":4,"10":4,"11":3},"b":{"0":[18,7,5],"1":[1,5],"2":[2,3],"3":[1,8],"4":[2,6],"5":[8,7],"6":[3,1]},"_coverageSchema":"43e27e138ebf9cfc5966b082cf9a028302ed4184","hash":"726a2fe7b64e3f07d66bfff59bbaab69c85351c2"}
}
