TN:
SF:/Users/mikeeg/alchemy/career-track/jest-test-pt2/lib/Validator.js
FN:4,(anonymous_0)
FN:11,(anonymous_1)
FNF:2
FNH:2
FNDA:2,(anonymous_0)
FNDA:8,(anonymous_1)
DA:1,1
DA:5,2
DA:6,2
DA:7,2
DA:8,2
DA:12,8
DA:13,8
DA:14,1
DA:15,7
DA:16,1
DA:18,6
DA:22,1
LF:12
LH:12
BRDA:13,0,0,1
BRDA:13,0,1,7
BRDA:13,1,0,8
BRDA:13,1,1,4
BRDA:15,2,0,1
BRDA:15,2,1,6
BRDA:15,3,0,7
BRDA:15,3,1,4
BRF:8
BRH:8
end_of_record
TN:
SF:/Users/mikeeg/alchemy/career-track/jest-test-pt2/lib/types.js
FN:1,(anonymous_0)
FN:2,(anonymous_1)
FN:3,(anonymous_2)
FN:4,(anonymous_3)
FN:5,(anonymous_4)
FN:6,(anonymous_5)
FN:8,(anonymous_6)
FN:15,(anonymous_7)
FN:23,(anonymous_8)
FN:25,(anonymous_9)
FN:28,(anonymous_10)
FN:41,(anonymous_11)
FNF:12
FNH:12
FNDA:20,(anonymous_0)
FNDA:11,(anonymous_1)
FNDA:10,(anonymous_2)
FNDA:9,(anonymous_3)
FNDA:18,(anonymous_4)
FNDA:13,(anonymous_5)
FNDA:12,(anonymous_6)
FNDA:9,(anonymous_7)
FNDA:11,(anonymous_8)
FNDA:4,(anonymous_9)
FNDA:7,(anonymous_10)
FNDA:5,(anonymous_11)
DA:1,20
DA:2,11
DA:3,10
DA:4,9
DA:5,18
DA:6,13
DA:8,2
DA:9,12
DA:10,9
DA:11,9
DA:12,5
DA:15,2
DA:16,9
DA:17,1
DA:19,8
DA:20,6
DA:23,11
DA:25,4
DA:29,7
DA:30,6
DA:31,6
DA:32,6
DA:36,2
DA:41,2
DA:42,5
DA:45,2
LF:26
LH:26
BRDA:5,0,0,18
BRDA:5,0,1,7
BRDA:5,0,2,5
BRDA:9,1,0,3
BRDA:9,1,1,9
BRDA:11,2,0,4
BRDA:11,2,1,5
BRDA:16,3,0,1
BRDA:16,3,1,8
BRDA:19,4,0,2
BRDA:19,4,1,6
BRDA:19,5,0,8
BRDA:19,5,1,7
BRDA:42,6,0,5
BRDA:42,6,1,1
BRF:15
BRH:15
end_of_record
