TN:
SF:/Users/mikeeg/alchemy/career-track/jest-test/lib/types.js
FN:1,(anonymous_0)
FN:2,(anonymous_1)
FN:3,(anonymous_2)
FN:4,(anonymous_3)
FN:5,(anonymous_4)
FN:6,(anonymous_5)
FN:8,(anonymous_6)
FN:15,(anonymous_7)
FN:23,(anonymous_8)
FN:25,(anonymous_9)
FN:28,(anonymous_10)
FN:41,(anonymous_11)
FNF:12
FNH:12
FNDA:14,(anonymous_0)
FNDA:11,(anonymous_1)
FNDA:10,(anonymous_2)
FNDA:9,(anonymous_3)
FNDA:18,(anonymous_4)
FNDA:13,(anonymous_5)
FNDA:6,(anonymous_6)
FNDA:9,(anonymous_7)
FNDA:11,(anonymous_8)
FNDA:4,(anonymous_9)
FNDA:4,(anonymous_10)
FNDA:3,(anonymous_11)
DA:1,14
DA:2,11
DA:3,10
DA:4,9
DA:5,18
DA:6,13
DA:8,1
DA:9,6
DA:10,5
DA:11,5
DA:12,3
DA:15,1
DA:16,9
DA:17,1
DA:19,8
DA:20,6
DA:23,11
DA:25,4
DA:29,4
DA:30,4
DA:31,4
DA:32,4
DA:36,1
DA:41,1
DA:42,3
DA:45,1
LF:26
LH:26
BRDA:5,0,0,18
BRDA:5,0,1,7
BRDA:5,0,2,5
BRDA:9,1,0,1
BRDA:9,1,1,5
BRDA:11,2,0,2
BRDA:11,2,1,3
BRDA:16,3,0,1
BRDA:16,3,1,8
BRDA:19,4,0,2
BRDA:19,4,1,6
BRDA:19,5,0,8
BRDA:19,5,1,7
BRDA:42,6,0,3
BRDA:42,6,1,1
BRF:15
BRH:15
end_of_record
